<?xml version="1.0" encoding="UTF-8"?>
<!-- Generated by org.testng.reporters.JUnitXMLReporter -->
<testsuite ignored="0" hostname="DESKTOP-VA8O2B8" failures="0" tests="3" name="Default test" time="22.879" errors="0" timestamp="2022-11-28T18:00:46 EET">
  <testcase classname="Tests.Fill_Register_Data" name="userclickMyAccount" time="7.249"/>
  <testcase classname="Tests.Fill_Register_Data" name="userclickregister" time="6.921"/>
  <testcase classname="Tests.Fill_Register_Data" name="userRegister" time="8.663"/>
</testsuite> <!-- Default test -->
