<?xml version="1.0" encoding="UTF-8"?>
<!-- Generated by org.testng.reporters.JUnitXMLReporter -->
<testsuite ignored="0" hostname="DESKTOP-VA8O2B8" failures="1" tests="3" name="User_Registeration" time="21.711" errors="0" timestamp="2022-11-28T18:05:55 EET">
  <testcase classname="Tests.Fill_Register_Data" name="userclickMyAccount" time="7.128"/>
  <testcase classname="Tests.Fill_Register_Data" name="userclickregister" time="6.804"/>
  <testcase classname="Tests.Fill_Register_Data" name="userRegister" time="7.733">
    <failure type="java.lang.AssertionError" message="expected [My Account] but found [Create New Customer Account]">
      <![CDATA[java.lang.AssertionError: expected [My Account] but found [Create New Customer Account]
at Tests.Fill_Register_Data.userRegister(Fill_Register_Data.java:42)
at java.base/java.util.ArrayList.forEach(ArrayList.java:1541)
... Removed 33 stack frames]]>
    </failure>
  </testcase> <!-- userRegister -->
</testsuite> <!-- User_Registeration -->
